[0m22:42:48.144345 [debug] [MainThread]: Sending event: {'category': 'dbt', 'action': 'invocation', 'label': 'start', 'context': [<snowplow_tracker.self_describing_json.SelfDescribingJson object at 0x734751826300>, <snowplow_tracker.self_describing_json.SelfDescribingJson object at 0x7347517d7f50>, <snowplow_tracker.self_describing_json.SelfDescribingJson object at 0x734750f90b00>]}


============================== 22:42:48.169947 | 5401168e-902d-415c-879f-22445c0f561b ==============================
[0m22:42:48.169947 [info ] [MainThread]: Running with dbt=1.8.5
[0m22:42:48.170536 [debug] [MainThread]: running dbt with arguments {'printer_width': '80', 'indirect_selection': 'eager', 'log_cache_events': 'False', 'write_json': 'True', 'partial_parse': 'True', 'cache_selected_only': 'False', 'profiles_dir': '/home/ef/dw_zero/workshop-aberto-dw-do-zero-aovivo/', 'fail_fast': 'False', 'version_check': 'True', 'log_path': 'logs', 'debug': 'False', 'warn_error': 'None', 'use_colors': 'True', 'use_experimental_parser': 'False', 'no_print': 'None', 'quiet': 'False', 'empty': 'None', 'warn_error_options': 'WarnErrorOptions(include=[], exclude=[])', 'static_parser': 'True', 'invocation_command': 'dbt init', 'introspect': 'True', 'target_path': 'None', 'log_format': 'default', 'send_anonymous_usage_stats': 'True'}
[0m23:21:30.804064 [debug] [MainThread]: Starter project path: /home/ef/Documentos/github/dbt/.venv/lib/python3.12/site-packages/dbt/include/starter_project
[0m23:21:30.809228 [info ] [MainThread]: 
Your new dbt project "northwind" was created!

For more information on how to configure the profiles.yml file,
please consult the dbt documentation here:

  https://docs.getdbt.com/docs/configure-your-profile

One more thing:

Need help? Don't hesitate to reach out to us via GitHub issues or on Slack:

  https://community.getdbt.com/

Happy modeling!

[0m23:21:30.810054 [info ] [MainThread]: Setting up your profile.
[0m23:41:41.199189 [info ] [MainThread]: Profile northwind written to /home/ef/dw_zero/workshop-aberto-dw-do-zero-aovivo/profiles.yml using target's profile_template.yml and your supplied values. Run 'dbt debug' to validate the connection.
[0m23:41:41.203205 [debug] [MainThread]: Resource report: {"command_name": "init", "command_success": true, "command_wall_clock_time": 3533.1082, "process_user_time": 2.811788, "process_kernel_time": 0.15389, "process_mem_max_rss": "102588", "process_in_blocks": "17984", "process_out_blocks": "30400"}
[0m23:41:41.203908 [debug] [MainThread]: Command `dbt init` succeeded at 23:41:41.203774 after 3533.11 seconds
[0m23:41:41.204329 [debug] [MainThread]: Sending event: {'category': 'dbt', 'action': 'invocation', 'label': 'end', 'context': [<snowplow_tracker.self_describing_json.SelfDescribingJson object at 0x734750a23740>, <snowplow_tracker.self_describing_json.SelfDescribingJson object at 0x7347544d3410>, <snowplow_tracker.self_describing_json.SelfDescribingJson object at 0x7347513dbb90>]}
[0m23:41:41.204751 [debug] [MainThread]: Flushing usage events
